<?xml version="1.0" encoding="UTF-8"?>
<testsuite name="greeter.GreetingFormatterSpec" tests="1" skipped="0" failures="0" errors="0" timestamp="2017-08-24T12:01:11" hostname="INMACT30NH.local" time="0.037">
  <properties/>
  <testcase name="Creating a greeting" classname="greeter.GreetingFormatterSpec" time="0.037"/>
  <system-out><![CDATA[]]></system-out>
  <system-err><![CDATA[]]></system-err>
</testsuite>
