<?xml version="1.0" encoding="UTF-8"?>
<testsuite name="greeter.GreeterSpec" tests="1" skipped="0" failures="0" errors="0" timestamp="2017-08-24T12:01:10" hostname="INMACT30NH.local" time="0.075">
  <properties/>
  <testcase name="Calling the entry point" classname="greeter.GreeterSpec" time="0.075"/>
  <system-out><![CDATA[]]></system-out>
  <system-err><![CDATA[]]></system-err>
</testsuite>
